running CONFIG_SHELL=/bin/bash /bin/bash ./configure --no-create --no-recursion
checking llvm-config... /home/liush/llvm-3.3/build/Release+Asserts/bin/llvm-config
checking LLVM package version... 3.3
checking for clang... clang
checking whether the C compiler works... yes
checking for C compiler default output file name... a.out
checking for suffix of executables... 
checking whether we are cross compiling... no
checking for suffix of object files... o
checking whether we are using the GNU C compiler... yes
checking whether clang accepts -g... yes
checking for clang option to accept ISO C89... none needed
checking for clang++... clang++
checking whether we are using the GNU C++ compiler... yes
checking whether clang++ accepts -g... yes
checking how to run the C preprocessor... clang -E
checking build system type... x86_64-unknown-linux-gnu
checking host system type... x86_64-unknown-linux-gnu
checking target system type... x86_64-unknown-linux-gnu
checking type of operating system we're going to host on... Linux
checking type of operating system we're going to target... Linux
checking target architecture... x86_64
checking for grep that handles long lines and -e... /bin/grep
checking for egrep... /bin/grep -E
checking for ANSI C header files... yes
checking for sys/types.h... yes
checking for sys/stat.h... yes
checking for stdlib.h... yes
checking for string.h... yes
checking for memory.h... yes
checking for strings.h... yes
checking for inttypes.h... yes
checking for stdint.h... yes
checking for unistd.h... yes
checking whether byte ordering is bigendian... no
checking optimization flags... -O3
checking for BSD-compatible nm... /usr/bin/nm -B
checking for GNU make... make
checking whether ln -s works... yes
checking for cmp... /usr/bin/cmp
checking for cp... /bin/cp
checking for date... /bin/date
checking for find... /usr/bin/find
checking for grep... (cached) /bin/grep
checking for mkdir... /bin/mkdir
checking for mv... /bin/mv
checking for ranlib... ranlib
checking for ar... ar
checking for rm... /bin/rm
checking for sed... /bin/sed
checking for tar... /bin/tar
checking for pwd... /bin/pwd
checking for Graphviz... echo Graphviz
checking for dot... /usr/bin/dot
checking for fdp... /usr/bin/fdp
checking for neato... /usr/bin/neato
checking for twopi... /usr/bin/twopi
checking for circo... /usr/bin/circo
checking for gv... no
checking for gsview32... no
checking for dotty... /usr/bin/dotty
checking for xdot.py... echo xdot.py
checking for a BSD-compatible install... /usr/bin/install -c
checking for bzip2... /bin/bzip2
checking for cat... /bin/cat
checking for doxygen... no
checking for groff... /usr/bin/groff
checking for gzip... /bin/gzip
checking for pod2html... /usr/bin/pod2html
checking for pod2man... /usr/bin/pod2man
checking for pdfroff... no
checking for runtest... no
checking for the tclsh program in tclinclude directory... none
checking for tclsh8.4... no
checking for tclsh8.4.8... no
checking for tclsh8.4.7... no
checking for tclsh8.4.6... no
checking for tclsh8.4.5... no
checking for tclsh8.4.4... no
checking for tclsh8.4.3... no
checking for tclsh8.4.2... no
checking for tclsh8.4.1... no
checking for tclsh8.4.0... no
checking for tclsh8.3... no
checking for tclsh8.3.5... no
checking for tclsh8.3.4... no
checking for tclsh8.3.3... no
checking for tclsh8.3.2... no
checking for tclsh8.3.1... no
checking for tclsh8.3.0... no
checking for tclsh... /usr/bin/tclsh
checking for zip... /usr/bin/zip
checking for ocamlc... no
checking for ocamlopt... no
checking for ocamldep... no
checking for ocamldoc... no
checking for gas... no
checking for as... /usr/bin/as
checking for linker version... 2.24
checking for compiler -Wl,-R<path> option... yes
checking for compiler -Wl,-export-dynamic option... yes
checking for compiler -Wl,--version-script option... yes
checking for an ANSI C-conforming const... yes
checking for dirent.h that defines DIR... yes
checking for library containing opendir... none required
checking dlfcn.h usability... yes
checking dlfcn.h presence... yes
checking for dlfcn.h... yes
checking dynamic linker characteristics... GNU/Linux ld.so
checking which extension is used for loadable modules... .so
checking which variable specifies run-time library path... LD_LIBRARY_PATH
checking for the default library search path... /lib /usr/lib /usr/local/cuda-8.0/targets/x86_64-linux/lib /usr/lib/x86_64-linux-gnu/libfakeroot /usr/local/lib /lib/x86_64-linux-gnu /usr/lib/x86_64-linux-gnu /usr/lib/x86_64-linux-gnu/mesa-egl /usr/lib/nvidia-340 /usr/lib32/nvidia-340 /lib32 /usr/lib32 
checking for objdir... .libs
checking command to parse /usr/bin/nm -B output from  object... ok
checking whether libtool supports -dlopen/-dlpreopen... yes
checking for shl_load... no
checking for shl_load in -ldld... no
checking for dlopen in -ldl... yes
checking for dlerror... yes
checking for _ prefix in compiled symbols... no
checking whether deplibs are loaded by dlopen... yes
checking argz.h usability... yes
checking argz.h presence... yes
checking for argz.h... yes
checking for error_t... yes
checking for argz_append... yes
checking for argz_create_sep... yes
checking for argz_insert... yes
checking for argz_next... yes
checking for argz_stringify... yes
checking assert.h usability... yes
checking assert.h presence... yes
checking for assert.h... yes
checking ctype.h usability... yes
checking ctype.h presence... yes
checking for ctype.h... yes
checking errno.h usability... yes
checking errno.h presence... yes
checking for errno.h... yes
checking malloc.h usability... yes
checking malloc.h presence... yes
checking for malloc.h... yes
checking for memory.h... (cached) yes
checking for stdlib.h... (cached) yes
checking stdio.h usability... yes
checking stdio.h presence... yes
checking for stdio.h... yes
checking for unistd.h... (cached) yes
checking dl.h usability... no
checking dl.h presence... no
checking for dl.h... no
checking sys/dl.h usability... no
checking sys/dl.h presence... no
checking for sys/dl.h... no
checking dld.h usability... no
checking dld.h presence... no
checking for dld.h... no
checking mach-o/dyld.h usability... no
checking mach-o/dyld.h presence... no
checking for mach-o/dyld.h... no
checking for string.h... (cached) yes
checking for strchr... yes
checking for strrchr... yes
checking for memcpy... yes
checking for memmove... yes
checking for strcmp... yes
checking for closedir... yes
checking for opendir... yes
checking for readdir... yes
checking tool compatibility... ok
checking optional compiler flags... -Wno-variadic-macros -Wno-missing-field-initializers -Wcovered-switch-default
checking for sin in -lm... yes
checking for library containing dlopen... -ldl
checking for library containing mallinfo... none required
checking for pthread_mutex_init in -lpthread... yes
checking for library containing pthread_mutex_lock... none required
checking for library containing pthread_rwlock_init... none required
checking for library containing pthread_getspecific... none required
checking for dirent.h that defines DIR... (cached) yes
checking for library containing opendir... (cached) none required
checking for MAP_ANONYMOUS vs. MAP_ANON... yes
checking whether stat file-mode macros are broken... no
checking for sys/wait.h that is POSIX.1 compatible... yes
checking whether time.h and sys/time.h may both be included... yes
checking for dlfcn.h... (cached) yes
checking execinfo.h usability... yes
checking execinfo.h presence... yes
checking for execinfo.h... yes
checking fcntl.h usability... yes
checking fcntl.h presence... yes
checking for fcntl.h... yes
checking for inttypes.h... (cached) yes
checking limits.h usability... yes
checking limits.h presence... yes
checking for limits.h... yes
checking link.h usability... yes
checking link.h presence... yes
checking for link.h... yes
checking for malloc.h... (cached) yes
checking setjmp.h usability... yes
checking setjmp.h presence... yes
checking for setjmp.h... yes
checking signal.h usability... yes
checking signal.h presence... yes
checking for signal.h... yes
checking for stdint.h... (cached) yes
checking termios.h usability... yes
checking termios.h presence... 